<?xml version="1.0" encoding="UTF-8" standalone="no"?>
<testsuite errors="0" failures="1" name="io.cucumber.core.plugin.JUnitFormatter" skipped="0" tests="1" time="12.975">
    <testcase classname="US012 Physician (Doktor) test isteyebilmeli" name="Doktorun hasta icin test isteyebilmeli" time="12.592">
        <failure message="invalid selector: Unable to locate an element with the xpath expression ((//ul[@id='header-tabs']//li//a)[7] because of the following error:&#10;SyntaxError: Failed to execute 'evaluate' on 'Document': The string '((//ul[@id='header-tabs']//li//a)[7]' is not a valid XPath expression.&#10;  (Session info: chrome=104.0.5112.81)&#10;For documentation on this error, please visit: https://selenium.dev/exceptions/#invalid_selector_exception&#10;Build info: version: '4.1.1', revision: 'e8fcc2cecf'&#10;System info: host: 'DESKTOP-21PCM3B', ip: '192.168.178.21', os.name: 'Windows 10', os.arch: 'amd64', os.version: '10.0', java.version: '18'&#10;Driver info: org.openqa.selenium.chrome.ChromeDriver&#10;Command: [e71abcb3b4b8b699d572502e17100001, findElement {using=xpath, value=((//ul[@id='header-tabs']//li//a)[7]}]&#10;Capabilities {acceptInsecureCerts: false, browserName: chrome, browserVersion: 104.0.5112.81, chrome: {chromedriverVersion: 104.0.5112.79 (3cf3e8c8a07d..., userDataDir: C:\Users\zakir\AppData\Loca...}, goog:chromeOptions: {debuggerAddress: localhost:51248}, javascriptEnabled: true, networkConnectionEnabled: false, pageLoadStrategy: normal, platform: WINDOWS, platformName: WINDOWS, proxy: Proxy(), se:cdp: ws://localhost:51248/devtoo..., se:cdpVersion: 104.0.5112.81, setWindowRect: true, strictFileInteractability: false, timeouts: {implicit: 0, pageLoad: 300000, script: 30000}, unhandledPromptBehavior: dismiss and notify, webauthn:extension:credBlob: true, webauthn:extension:largeBlob: true, webauthn:virtualAuthenticators: true}&#10;Session ID: e71abcb3b4b8b699d572502e17100001" type="org.openqa.selenium.InvalidSelectorException"><![CDATA[Given Kullanici  Medunna sayfasina gider....................................passed
Then Kullanici  giris simgesini tiklar......................................passed
And Kullanici  acilan menuden sign in i tiklar..............................passed
And Kullanici  Kullanici ismini girer.......................................passed
And Kullanici  Kullanici sifresini girer....................................passed
And Kullanici  sign in i butonunu tiklayarak kullanici sayfasina baglanir...passed
And Cikan sayfadan My Pages basligini tiklar................................failed
And Kullanici My Appointments sekmesini tiklayarak rendevu sayfasina gecis yapar.skipped
And Kullanici  Edit buttonuna tiklar........................................skipped
And Kullanici Acilan pencerede Request A Test butonu tiklayarak est istenilebliriligi test eder.skipped

StackTrace:
org.openqa.selenium.InvalidSelectorException: invalid selector: Unable to locate an element with the xpath expression ((//ul[@id='header-tabs']//li//a)[7] because of the following error:
SyntaxError: Failed to execute 'evaluate' on 'Document': The string '((//ul[@id='header-tabs']//li//a)[7]' is not a valid XPath expression.
  (Session info: chrome=104.0.5112.81)
For documentation on this error, please visit: https://selenium.dev/exceptions/#invalid_selector_exception
Build info: version: '4.1.1', revision: 'e8fcc2cecf'
System info: host: 'DESKTOP-21PCM3B', ip: '192.168.178.21', os.name: 'Windows 10', os.arch: 'amd64', os.version: '10.0', java.version: '18'
Driver info: org.openqa.selenium.chrome.ChromeDriver
Command: [e71abcb3b4b8b699d572502e17100001, findElement {using=xpath, value=((//ul[@id='header-tabs']//li//a)[7]}]
Capabilities {acceptInsecureCerts: false, browserName: chrome, browserVersion: 104.0.5112.81, chrome: {chromedriverVersion: 104.0.5112.79 (3cf3e8c8a07d..., userDataDir: C:\Users\zakir\AppData\Loca...}, goog:chromeOptions: {debuggerAddress: localhost:51248}, javascriptEnabled: true, networkConnectionEnabled: false, pageLoadStrategy: normal, platform: WINDOWS, platformName: WINDOWS, proxy: Proxy(), se:cdp: ws://localhost:51248/devtoo..., se:cdpVersion: 104.0.5112.81, setWindowRect: true, strictFileInteractability: false, timeouts: {implicit: 0, pageLoad: 300000, script: 30000}, unhandledPromptBehavior: dismiss and notify, webauthn:extension:credBlob: true, webauthn:extension:largeBlob: true, webauthn:virtualAuthenticators: true}
Session ID: e71abcb3b4b8b699d572502e17100001
	at java.base/jdk.internal.reflect.DirectConstructorHandleAccessor.newInstance(DirectConstructorHandleAccessor.java:67)
	at java.base/java.lang.reflect.Constructor.newInstanceWithCaller(Constructor.java:499)
	at java.base/java.lang.reflect.Constructor.newInstance(Constructor.java:483)
	at org.openqa.selenium.remote.codec.w3c.W3CHttpResponseCodec.createException(W3CHttpResponseCodec.java:200)
	at org.openqa.selenium.remote.codec.w3c.W3CHttpResponseCodec.decode(W3CHttpResponseCodec.java:133)
	at org.openqa.selenium.remote.codec.w3c.W3CHttpResponseCodec.decode(W3CHttpResponseCodec.java:53)
	at org.openqa.selenium.remote.HttpCommandExecutor.execute(HttpCommandExecutor.java:184)
	at org.openqa.selenium.remote.service.DriverCommandExecutor.invokeExecute(DriverCommandExecutor.java:167)
	at org.openqa.selenium.remote.service.DriverCommandExecutor.execute(DriverCommandExecutor.java:142)
	at org.openqa.selenium.remote.RemoteWebDriver.execute(RemoteWebDriver.java:543)
	at org.openqa.selenium.remote.ElementLocation$ElementFinder$2.findElement(ElementLocation.java:162)
	at org.openqa.selenium.remote.ElementLocation.findElement(ElementLocation.java:60)
	at org.openqa.selenium.remote.RemoteWebDriver.findElement(RemoteWebDriver.java:367)
	at org.openqa.selenium.remote.RemoteWebDriver.findElement(RemoteWebDriver.java:359)
	at org.openqa.selenium.support.pagefactory.DefaultElementLocator.findElement(DefaultElementLocator.java:70)
	at org.openqa.selenium.support.pagefactory.internal.LocatingElementHandler.invoke(LocatingElementHandler.java:39)
	at jdk.proxy2/jdk.proxy2.$Proxy22.click(Unknown Source)
	at stepdefinitions.uiSteps.US012_UiSteps.cikan_sayfadan_my_pages_basligini_tiklar(US012_UiSteps.java:42)
	at âœ½.Cikan sayfadan My Pages basligini tiklar(file:///C:/Users/zakir/OneDrive/Desktop/projeler/MedunnaProjectTeam67/./src/test/resources/features/uIFeatures/US012_UiTest.feature:10)
]]></failure>
    </testcase>
</testsuite>
